<?xml version="1.0" encoding="utf-8"?><testsuites name="pytest tests"><testsuite name="pytest" errors="0" failures="0" skipped="0" tests="25" time="43.876" timestamp="2026-06-03T18:34:11.545753+00:00" hostname="agent-env-5544a60a-d312-4685-bb08-2486a7c563da"><testcase classname="tests.test_soundlull_api.TestCatalog" name="test_catalog_returns_200_and_counts" time="0.312" /><testcase classname="tests.test_soundlull_api.TestMusicWellnessGenerate" name="test_intensity_42_returns_validation_error" time="0.058" /><testcase classname="tests.test_soundlull_api.TestMusicWellnessGenerate" name="test_intensity_0_returns_validation_error" time="0.049" /><testcase classname="tests.test_soundlull_api.TestMusicWellnessGenerate" name="test_intensity_6_returns_validation_error" time="0.052" /><testcase classname="tests.test_soundlull_api.TestMusicWellnessGenerate" name="test_unknown_current_mood_returns_validation_error" time="0.047" /><testcase classname="tests.test_soundlull_api.TestMusicWellnessGenerate" name="test_happy_path_anxious_intensity_4" time="10.809" /><testcase classname="tests.test_soundlull_api.TestMusicWellnessGenerate" name="test_intensity_1_bucket_low" time="10.218" /><testcase classname="tests.test_soundlull_api.TestMusicWellnessGenerate" name="test_intensity_2_bucket_low" time="11.699" /><testcase classname="tests.test_soundlull_api.TestMusicWellnessGenerate" name="test_intensity_3_bucket_high" time="0.057" /><testcase classname="tests.test_soundlull_api.TestPlaylist" name="test_playlist_valid_request" time="10.246" /><testcase classname="tests.test_soundlull_api.TestPlaylist" name="test_invalid_mood" time="0.056" /><testcase classname="tests.test_soundlull_api.TestPlaylist" name="test_invalid_intensity" time="0.055" /><testcase classname="tests.test_soundlull_api.TestPlaylist" name="test_invalid_duration" time="0.049" /><testcase classname="tests.test_soundlull_api.TestParseLengthHelper" name="test_mm_ss" time="0.047" /><testcase classname="tests.test_soundlull_api.TestParseLengthHelper" name="test_float_seconds" time="0.000" /><testcase classname="tests.test_soundlull_api.TestParseLengthHelper" name="test_empty_uses_fallback" time="0.000" /><testcase classname="tests.test_soundlull_api.TestParseLengthHelper" name="test_none_uses_fallback" time="0.000" /><testcase classname="tests.test_soundlull_api.TestParseLengthHelper" name="test_hh_mm_ss" time="0.000" /><testcase classname="tests.test_soundlull_api.TestPlaylistBuilder" name="test_score_track_exact_85_contract" time="0.000" /><testcase classname="tests.test_soundlull_api.TestPlaylistBuilder" name="test_score_track_camelcase_alias_works" time="0.000" /><testcase classname="tests.test_soundlull_api.TestPlaylistBuilder" name="test_build_session_playlist_picks_highest_within_budget" time="0.000" /><testcase classname="tests.test_soundlull_api.TestPlaylistBuilder" name="test_build_session_playlist_camelcase_alias" time="0.000" /><testcase classname="tests.test_soundlull_api.TestPlaylistBuilder" name="test_score_track_no_matches_returns_zero" time="0.000" /><testcase classname="tests.test_soundlull_api.TestPlaylistBuilder" name="test_build_session_playlist_skips_oversize_track" time="0.000" /><testcase classname="tests.test_soundlull_api.TestMusicPreferencesPipeline" name="test_generate_respects_session_duration_budget" time="0.050" /></testsuite></testsuites>